{"timestamp": "2025-09-18T13:51:00.044819", "level": "INFO", "logger": "src.dashboard.dashboard_engine", "message": "Interactive Dashboard initialized", "module": "dashboard_engine", "function": "__init__", "line": 639}
{"timestamp": "2025-09-18T13:51:00.054853", "level": "INFO", "logger": "src.dashboard.dashboard_engine", "message": "Interactive Dashboard initialized", "module": "dashboard_engine", "function": "__init__", "line": 639}
{"timestamp": "2025-09-18T14:01:11.389461", "level": "INFO", "logger": "src.dashboard.dashboard_engine", "message": "Interactive Dashboard initialized", "module": "dashboard_engine", "function": "__init__", "line": 639}
{"timestamp": "2025-09-18T14:01:11.398464", "level": "INFO", "logger": "src.dashboard.dashboard_engine", "message": "Interactive Dashboard initialized", "module": "dashboard_engine", "function": "__init__", "line": 639}
{"timestamp": "2025-09-18T14:02:10.128288", "level": "INFO", "logger": "src.dashboard.dashboard_engine", "message": "Interactive Dashboard initialized", "module": "dashboard_engine", "function": "__init__", "line": 639}
{"timestamp": "2025-09-18T14:02:10.142331", "level": "INFO", "logger": "src.dashboard.dashboard_engine", "message": "Interactive Dashboard initialized", "module": "dashboard_engine", "function": "__init__", "line": 639}
{"timestamp": "2025-09-18T14:03:12.106923", "level": "INFO", "logger": "src.dashboard.dashboard_engine", "message": "Interactive Dashboard initialized", "module": "dashboard_engine", "function": "__init__", "line": 639}
{"timestamp": "2025-09-18T14:03:12.117836", "level": "INFO", "logger": "src.dashboard.dashboard_engine", "message": "Interactive Dashboard initialized", "module": "dashboard_engine", "function": "__init__", "line": 639}
{"timestamp": "2025-09-18T14:04:06.556989", "level": "INFO", "logger": "src.dashboard.dashboard_engine", "message": "Interactive Dashboard initialized", "module": "dashboard_engine", "function": "__init__", "line": 639}
{"timestamp": "2025-09-18T14:04:06.571262", "level": "INFO", "logger": "src.dashboard.dashboard_engine", "message": "Interactive Dashboard initialized", "module": "dashboard_engine", "function": "__init__", "line": 639}
{"timestamp": "2025-09-18T14:09:06.476036", "level": "INFO", "logger": "src.dashboard.dashboard_engine", "message": "Interactive Dashboard initialized", "module": "dashboard_engine", "function": "__init__", "line": 639}
{"timestamp": "2025-09-18T14:09:06.476800", "level": "INFO", "logger": "src.dashboard.dashboard_engine", "message": "Interactive Dashboard initialized", "module": "dashboard_engine", "function": "__init__", "line": 639}
{"timestamp": "2025-09-18T14:22:17.332659", "level": "INFO", "logger": "src.dashboard.dashboard_engine", "message": "Interactive Dashboard initialized", "module": "dashboard_engine", "function": "__init__", "line": 639}
{"timestamp": "2025-09-18T14:22:17.333498", "level": "INFO", "logger": "src.dashboard.dashboard_engine", "message": "Interactive Dashboard initialized", "module": "dashboard_engine", "function": "__init__", "line": 639}
{"timestamp": "2025-09-18T14:28:15.110371", "level": "INFO", "logger": "src.dashboard.dashboard_engine", "message": "Interactive Dashboard initialized", "module": "dashboard_engine", "function": "__init__", "line": 639}
{"timestamp": "2025-09-18T14:28:15.111231", "level": "INFO", "logger": "src.dashboard.dashboard_engine", "message": "Interactive Dashboard initialized", "module": "dashboard_engine", "function": "__init__", "line": 639}
{"timestamp": "2025-09-18T14:28:36.646738", "level": "INFO", "logger": "src.interview.interview_engine", "message": "Started interview INT_20250918_142836 for candidate Raghav Dubey", "module": "interview_engine", "function": "start_interview", "line": 160}
{"timestamp": "2025-09-18T14:52:04.673970", "level": "INFO", "logger": "src.dashboard.dashboard_engine", "message": "Interactive Dashboard initialized", "module": "dashboard_engine", "function": "__init__", "line": 639}
{"timestamp": "2025-09-18T14:52:04.675419", "level": "INFO", "logger": "src.dashboard.dashboard_engine", "message": "Interactive Dashboard initialized", "module": "dashboard_engine", "function": "__init__", "line": 639}
{"timestamp": "2025-09-18T15:01:55.466598", "level": "INFO", "logger": "src.dashboard.dashboard_engine", "message": "Interactive Dashboard initialized", "module": "dashboard_engine", "function": "__init__", "line": 639}
{"timestamp": "2025-09-18T15:01:55.467945", "level": "INFO", "logger": "src.dashboard.dashboard_engine", "message": "Interactive Dashboard initialized", "module": "dashboard_engine", "function": "__init__", "line": 639}
{"timestamp": "2025-09-18T15:02:55.133774", "level": "INFO", "logger": "src.interview.interview_engine", "message": "Started interview INT_20250918_150255 for candidate john", "module": "interview_engine", "function": "start_interview", "line": 162}
{"timestamp": "2025-09-18T16:08:46.376262", "level": "INFO", "logger": "src.dashboard.dashboard_engine", "message": "Interactive Dashboard initialized", "module": "dashboard_engine", "function": "__init__", "line": 639}
{"timestamp": "2025-09-18T16:08:46.378632", "level": "INFO", "logger": "src.dashboard.dashboard_engine", "message": "Interactive Dashboard initialized", "module": "dashboard_engine", "function": "__init__", "line": 639}
{"timestamp": "2025-09-18T16:09:01.249287", "level": "INFO", "logger": "src.interview.interview_engine", "message": "Started interview INT_20250918_160901 for candidate John", "module": "interview_engine", "function": "start_interview", "line": 162}
{"timestamp": "2025-09-18T16:09:15.770535", "level": "ERROR", "logger": "src.evaluation.answer_evaluator", "message": "Error during evaluation: 'Question' object is not subscriptable", "module": "answer_evaluator", "function": "evaluate_answer", "line": 252}
{"timestamp": "2025-09-18T16:10:31.540478", "level": "ERROR", "logger": "src.evaluation.answer_evaluator", "message": "Error during evaluation: 'Question' object is not subscriptable", "module": "answer_evaluator", "function": "evaluate_answer", "line": 252}
{"timestamp": "2025-09-18T16:14:27.464652", "level": "ERROR", "logger": "src.evaluation.answer_evaluator", "message": "Error during evaluation: 'Question' object is not subscriptable", "module": "answer_evaluator", "function": "evaluate_answer", "line": 252}
{"timestamp": "2025-09-18T16:20:46.208558", "level": "INFO", "logger": "src.dashboard.dashboard_engine", "message": "Interactive Dashboard initialized", "module": "dashboard_engine", "function": "__init__", "line": 639}
{"timestamp": "2025-09-18T16:20:46.209508", "level": "INFO", "logger": "src.dashboard.dashboard_engine", "message": "Interactive Dashboard initialized", "module": "dashboard_engine", "function": "__init__", "line": 639}
{"timestamp": "2025-09-18T16:20:58.006913", "level": "INFO", "logger": "src.interview.interview_engine", "message": "Started interview INT_20250918_162058 for candidate Ram", "module": "interview_engine", "function": "start_interview", "line": 162}
{"timestamp": "2025-09-18T16:21:05.650248", "level": "ERROR", "logger": "src.evaluation.answer_evaluator", "message": "Error during evaluation: 'Question' object is not subscriptable", "module": "answer_evaluator", "function": "evaluate_answer", "line": 252}
